<?xml version="1.0" encoding="UTF-8"?>
<!-- Generated by org.testng.reporters.JUnitReportReporter -->
<testsuite hostname="INMFVFHC636Q05F" failures="0" tests="2" name="testngdemos.LoginTestUsingTestNG" time="2.616" errors="0" timestamp="2023-07-23T21:38:31 IST" skipped="0">
  <testcase classname="testngdemos.LoginTestUsingTestNG" name="validateHomePageAfterLogin" time="0.108"/>
  <testcase classname="testngdemos.LoginTestUsingTestNG" name="loginJPetStore" time="2.508"/>
</testsuite> <!-- testngdemos.LoginTestUsingTestNG -->
