<?xml version="1.0" encoding="UTF-8"?>
<!-- Generated by org.testng.reporters.JUnitReportReporter -->
<testsuite hostname="INMFVFHC636Q05F" failures="0" tests="4" name="testngdemos.FirstTestNGDemo" time="0.019" errors="0" timestamp="2023-07-23T19:43:35 IST" skipped="0">
  <testcase classname="testngdemos.FirstTestNGDemo" name="f1" time="0.002"/>
  <testcase classname="testngdemos.FirstTestNGDemo" name="f2" time="0.006"/>
  <testcase classname="testngdemos.FirstTestNGDemo" name="f" time="0.008"/>
  <testcase classname="testngdemos.FirstTestNGDemo" name="f3" time="0.003"/>
</testsuite> <!-- testngdemos.FirstTestNGDemo -->
