<?xml version="1.0" encoding="UTF-8"?>
<!-- Generated by org.testng.reporters.JUnitReportReporter -->
<testsuite hostname="INMFVFHC636Q05F" failures="0" tests="2" name="testngdemos.LoginTestUsingTestNG" time="1.642" errors="0" timestamp="2023-07-23T20:32:57 IST" skipped="0">
  <testcase classname="testngdemos.LoginTestUsingTestNG" name="validateHomePageAfterLogin" time="0.025"/>
  <testcase classname="testngdemos.LoginTestUsingTestNG" name="loginJPetStore" time="1.617"/>
</testsuite> <!-- testngdemos.LoginTestUsingTestNG -->
