<?xml version="1.0" encoding="UTF-8"?>
<!-- Generated by org.testng.reporters.JUnitReportReporter -->
<testsuite hostname="INMFVFHC636Q05F" failures="0" tests="5" name="testngdemos.MethodPriorities" time="0.022" errors="0" timestamp="2023-07-23T19:59:59 IST" skipped="0">
  <testcase classname="testngdemos.MethodPriorities" name="method_B" time="0.009"/>
  <testcase classname="testngdemos.MethodPriorities" name="method_A" time="0.003"/>
  <testcase classname="testngdemos.MethodPriorities" name="method_C" time="0.004"/>
  <testcase classname="testngdemos.MethodPriorities" name="method_D" time="0.002"/>
  <testcase classname="testngdemos.MethodPriorities" name="method_E" time="0.004"/>
</testsuite> <!-- testngdemos.MethodPriorities -->
